0 info it worked if it ends with ok
1 verbose cli [ 'C:\\Program Files\\nodejs\\node.exe',
1 verbose cli   'C:\\Program Files\\nodejs\\node_modules\\npm\\bin\\npm-cli.js',
1 verbose cli   'start' ]
2 info using npm@3.10.10
3 info using node@v6.17.1
4 verbose run-script [ 'prestart', 'start', 'poststart' ]
5 info lifecycle univafu@2.0.0~prestart: univafu@2.0.0
6 silly lifecycle univafu@2.0.0~prestart: no script for prestart, continuing
7 info lifecycle univafu@2.0.0~start: univafu@2.0.0
8 verbose lifecycle univafu@2.0.0~start: unsafe-perm in lifecycle true
9 verbose lifecycle univafu@2.0.0~start: PATH: C:\Program Files\nodejs\node_modules\npm\bin\node-gyp-bin;C:\proyectos_angular\UNIVAFU2.0\node_modules\.bin;C:\Users\PedroTI\Downloads\cmder\bin;C:\Users\PedroTI\Downloads\cmder\vendor\bin;C:\Users\PedroTI\Downloads\cmder\vendor\conemu-maximus5\ConEmu\Scripts;C:\Users\PedroTI\Downloads\cmder\vendor\conemu-maximus5;C:\Users\PedroTI\Downloads\cmder\vendor\conemu-maximus5\ConEmu;C:\Python38\Scripts\;C:\Python38\;C:\Program Files (x86)\Common Files\Intel\Shared Files\cpp\bin\Intel64;C:\WINDOWS\system32;C:\WINDOWS;C:\WINDOWS\System32\Wbem;C:\WINDOWS\System32\WindowsPowerShell\v1.0\;C:\HashiCorp\Vagrant\bin;C:\Program Files\Git\cmd;C:\WINDOWS\System32\OpenSSH\;C:\Program Files\nodejs\;C:\ProgramData\chocolatey\bin;C:\Users\PedroTI\AppData\Local\Programs\Microsoft VS Code\bin;C:\Users\PedroTI\AppData\Local\Microsoft\WindowsApps;C:\Users\PedroTI\AppData\Roaming\npm;C:\Program Files\MongoDB\Server\4.2\bin;C:\Program Files\Git\cmd;C:\Program Files\Git\mingw64\bin;C:\Program Files\Git\usr\bin;C:\Users\PedroTI\Downloads\cmder
10 verbose lifecycle univafu@2.0.0~start: CWD: C:\proyectos_angular\UNIVAFU2.0
11 silly lifecycle univafu@2.0.0~start: Args: [ '/d /s /c', 'ng serve' ]
12 silly lifecycle univafu@2.0.0~start: Returned: code: 3  signal: null
13 info lifecycle univafu@2.0.0~start: Failed to exec start script
14 verbose stack Error: univafu@2.0.0 start: `ng serve`
14 verbose stack Exit status 3
14 verbose stack     at EventEmitter.<anonymous> (C:\Program Files\nodejs\node_modules\npm\lib\utils\lifecycle.js:255:16)
14 verbose stack     at emitTwo (events.js:106:13)
14 verbose stack     at EventEmitter.emit (events.js:191:7)
14 verbose stack     at ChildProcess.<anonymous> (C:\Program Files\nodejs\node_modules\npm\lib\utils\spawn.js:40:14)
14 verbose stack     at emitTwo (events.js:106:13)
14 verbose stack     at ChildProcess.emit (events.js:191:7)
14 verbose stack     at maybeClose (internal/child_process.js:920:16)
14 verbose stack     at Process.ChildProcess._handle.onexit (internal/child_process.js:230:5)
15 verbose pkgid univafu@2.0.0
16 verbose cwd C:\proyectos_angular\UNIVAFU2.0
17 error Windows_NT 10.0.18363
18 error argv "C:\\Program Files\\nodejs\\node.exe" "C:\\Program Files\\nodejs\\node_modules\\npm\\bin\\npm-cli.js" "start"
19 error node v6.17.1
20 error npm  v3.10.10
21 error code ELIFECYCLE
22 error univafu@2.0.0 start: `ng serve`
22 error Exit status 3
23 error Failed at the univafu@2.0.0 start script 'ng serve'.
23 error Make sure you have the latest version of node.js and npm installed.
23 error If you do, this is most likely a problem with the univafu package,
23 error not with npm itself.
23 error Tell the author that this fails on your system:
23 error     ng serve
23 error You can get information on how to open an issue for this project with:
23 error     npm bugs univafu
23 error Or if that isn't available, you can get their info via:
23 error     npm owner ls univafu
23 error There is likely additional logging output above.
24 verbose exit [ 1, true ]
